<?xml version="1.0" encoding="UTF-8"?>
<!-- Generated by org.testng.reporters.JUnitReportReporter -->
<testsuite hostname="SESHU" failures="0" tests="12" name="com.test.DDTTesting" time="21.389" errors="0" timestamp="2024-06-09T10:58:37 IST" skipped="0">
  <testcase classname="com.test.DDTTesting" name="testUpdateuser" time="1.470"/>
  <testcase classname="com.test.DDTTesting" name="testPostuser" time="1.602"/>
  <testcase classname="com.test.DDTTesting" name="testPostuser" time="4.151"/>
  <testcase classname="com.test.DDTTesting" name="testUpdateuser" time="1.734"/>
  <testcase classname="com.test.DDTTesting" name="testUpdateuser" time="1.422"/>
  <testcase classname="com.test.DDTTesting" name="testPostuser" time="1.558"/>
  <testcase classname="com.test.DDTTesting" name="testgetUserByName" time="1.721"/>
  <testcase classname="com.test.DDTTesting" name="testgetUserByName" time="1.520"/>
  <testcase classname="com.test.DDTTesting" name="testgetUserByName" time="1.537"/>
  <testcase classname="com.test.DDTTesting" name="testDeleteUserByName" time="1.625"/>
  <testcase classname="com.test.DDTTesting" name="testDeleteUserByName" time="1.526"/>
  <testcase classname="com.test.DDTTesting" name="testDeleteUserByName" time="1.523"/>
</testsuite> <!-- com.test.DDTTesting -->
