<?xml version="1.0" encoding="UTF-8"?>
<!-- Generated by org.testng.reporters.JUnitReportReporter -->
<testsuite hostname="SESHU" failures="0" tests="4" name="com.test.Testing" time="8.979" errors="0" timestamp="2024-03-22T17:34:18 IST" skipped="0">
  <testcase classname="com.test.Testing" name="Creating" time="4.101"/>
  <testcase classname="com.test.Testing" name="Getting" time="1.840"/>
  <testcase classname="com.test.Testing" name="update" time="1.572"/>
  <testcase classname="com.test.Testing" name="delete" time="1.466"/>
</testsuite> <!-- com.test.Testing -->
